<?xml version="1.0" encoding="UTF-8"?>
<robot generator="Robot 6.1 (Python 3.11.4 on win32)" generated="20230717 01:57:52.624" rpa="false" schemaversion="4">
<suite id="s1" name="TestCase all sauce" source="C:\Users\fikar\PycharmProjects\pythonProject\meow\TestCase_all_sauce.robot">
<test id="s1-t1" name="LoginTest_standard" line="5">
<kw name="Open Browser" library="SeleniumLibrary">
<arg>https://www.saucedemo.com/</arg>
<arg>chrome</arg>
<doc>Opens a new browser instance to the optional ``url``.</doc>
<msg timestamp="20230717 01:57:52.795" level="INFO">Opening browser 'chrome' to base url 'https://www.saucedemo.com/'.</msg>
<status status="PASS" starttime="20230717 01:57:52.794" endtime="20230717 01:57:54.333"/>
</kw>
<kw name="Login_standard">
<kw name="Input Text" library="SeleniumLibrary">
<arg>id:user-name</arg>
<arg>standard_user</arg>
<doc>Types the given ``text`` into the text field identified by ``locator``.</doc>
<msg timestamp="20230717 01:57:54.335" level="INFO">Typing text 'standard_user' into text field 'id:user-name'.</msg>
<status status="PASS" starttime="20230717 01:57:54.335" endtime="20230717 01:57:54.440"/>
</kw>
<kw name="Input Text" library="SeleniumLibrary">
<arg>id:password</arg>
<arg>secret_sauce</arg>
<doc>Types the given ``text`` into the text field identified by ``locator``.</doc>
<msg timestamp="20230717 01:57:54.440" level="INFO">Typing text 'secret_sauce' into text field 'id:password'.</msg>
<status status="PASS" starttime="20230717 01:57:54.440" endtime="20230717 01:57:54.513"/>
</kw>
<kw name="Click Element" library="SeleniumLibrary">
<arg>id:login-button</arg>
<doc>Click the element identified by ``locator``.</doc>
<msg timestamp="20230717 01:57:54.514" level="INFO">Clicking element 'id:login-button'.</msg>
<status status="PASS" starttime="20230717 01:57:54.513" endtime="20230717 01:57:54.592"/>
</kw>
<status status="PASS" starttime="20230717 01:57:54.334" endtime="20230717 01:57:54.592"/>
</kw>
<kw name="Adding_inventory">
<kw name="Click Button" library="SeleniumLibrary">
<arg>id:add-to-cart-sauce-labs-backpack</arg>
<doc>Clicks the button identified by ``locator``.</doc>
<msg timestamp="20230717 01:57:54.593" level="INFO">Clicking button 'id:add-to-cart-sauce-labs-backpack'.</msg>
<status status="PASS" starttime="20230717 01:57:54.593" endtime="20230717 01:57:54.652"/>
</kw>
<kw name="Click Link" library="SeleniumLibrary">
<arg>class:shopping_cart_link</arg>
<doc>Clicks a link identified by ``locator``.</doc>
<msg timestamp="20230717 01:57:54.653" level="INFO">Clicking link 'class:shopping_cart_link'.</msg>
<status status="PASS" starttime="20230717 01:57:54.652" endtime="20230717 01:57:54.698"/>
</kw>
<kw name="Click Button" library="SeleniumLibrary">
<arg>id:checkout</arg>
<doc>Clicks the button identified by ``locator``.</doc>
<msg timestamp="20230717 01:57:54.699" level="INFO">Clicking button 'id:checkout'.</msg>
<status status="PASS" starttime="20230717 01:57:54.698" endtime="20230717 01:57:54.759"/>
</kw>
<kw name="Input Text" library="SeleniumLibrary">
<arg>id:first-name</arg>
<arg>fikar</arg>
<doc>Types the given ``text`` into the text field identified by ``locator``.</doc>
<msg timestamp="20230717 01:57:54.760" level="INFO">Typing text 'fikar' into text field 'id:first-name'.</msg>
<status status="PASS" starttime="20230717 01:57:54.759" endtime="20230717 01:57:54.824"/>
</kw>
<kw name="Input Text" library="SeleniumLibrary">
<arg>id:last-name</arg>
<arg>rahman</arg>
<doc>Types the given ``text`` into the text field identified by ``locator``.</doc>
<msg timestamp="20230717 01:57:54.825" level="INFO">Typing text 'rahman' into text field 'id:last-name'.</msg>
<status status="PASS" starttime="20230717 01:57:54.824" endtime="20230717 01:57:54.896"/>
</kw>
<kw name="Input Text" library="SeleniumLibrary">
<arg>id:postal-code</arg>
<arg>16511</arg>
<doc>Types the given ``text`` into the text field identified by ``locator``.</doc>
<msg timestamp="20230717 01:57:54.896" level="INFO">Typing text '16511' into text field 'id:postal-code'.</msg>
<status status="PASS" starttime="20230717 01:57:54.896" endtime="20230717 01:57:54.961"/>
</kw>
<status status="PASS" starttime="20230717 01:57:54.592" endtime="20230717 01:57:54.961"/>
</kw>
<kw name="Checkout_item">
<kw name="Click Button" library="SeleniumLibrary">
<arg>id:continue</arg>
<doc>Clicks the button identified by ``locator``.</doc>
<msg timestamp="20230717 01:57:54.962" level="INFO">Clicking button 'id:continue'.</msg>
<status status="PASS" starttime="20230717 01:57:54.962" endtime="20230717 01:57:55.010"/>
</kw>
<kw name="Click Button" library="SeleniumLibrary">
<arg>id:finish</arg>
<doc>Clicks the button identified by ``locator``.</doc>
<msg timestamp="20230717 01:57:55.010" level="INFO">Clicking button 'id:finish'.</msg>
<status status="PASS" starttime="20230717 01:57:55.010" endtime="20230717 01:57:55.056"/>
</kw>
<status status="PASS" starttime="20230717 01:57:54.962" endtime="20230717 01:57:55.056"/>
</kw>
<status status="PASS" starttime="20230717 01:57:52.793" endtime="20230717 01:57:55.057"/>
</test>
<test id="s1-t2" name="Logintest_locked" line="10">
<kw name="Open Browser" library="SeleniumLibrary">
<arg>https://www.saucedemo.com/</arg>
<arg>chrome</arg>
<doc>Opens a new browser instance to the optional ``url``.</doc>
<msg timestamp="20230717 01:57:55.059" level="INFO">Opening browser 'chrome' to base url 'https://www.saucedemo.com/'.</msg>
<status status="PASS" starttime="20230717 01:57:55.058" endtime="20230717 01:57:56.575"/>
</kw>
<kw name="Login_locked_out">
<kw name="Input Text" library="SeleniumLibrary">
<arg>id:user-name</arg>
<arg>locked_out_user</arg>
<doc>Types the given ``text`` into the text field identified by ``locator``.</doc>
<msg timestamp="20230717 01:57:56.576" level="INFO">Typing text 'locked_out_user' into text field 'id:user-name'.</msg>
<status status="PASS" starttime="20230717 01:57:56.576" endtime="20230717 01:57:56.677"/>
</kw>
<kw name="Input Text" library="SeleniumLibrary">
<arg>id:password</arg>
<arg>secret_sauce</arg>
<doc>Types the given ``text`` into the text field identified by ``locator``.</doc>
<msg timestamp="20230717 01:57:56.677" level="INFO">Typing text 'secret_sauce' into text field 'id:password'.</msg>
<status status="PASS" starttime="20230717 01:57:56.677" endtime="20230717 01:57:56.747"/>
</kw>
<kw name="Click Element" library="SeleniumLibrary">
<arg>id:login-button</arg>
<doc>Click the element identified by ``locator``.</doc>
<msg timestamp="20230717 01:57:56.748" level="INFO">Clicking element 'id:login-button'.</msg>
<status status="PASS" starttime="20230717 01:57:56.747" endtime="20230717 01:57:56.797"/>
</kw>
<status status="PASS" starttime="20230717 01:57:56.575" endtime="20230717 01:57:56.797"/>
</kw>
<kw name="Adding_inventory">
<kw name="Click Button" library="SeleniumLibrary">
<arg>id:add-to-cart-sauce-labs-backpack</arg>
<doc>Clicks the button identified by ``locator``.</doc>
<msg timestamp="20230717 01:57:56.800" level="INFO">Clicking button 'id:add-to-cart-sauce-labs-backpack'.</msg>
<msg timestamp="20230717 01:57:56.928" level="INFO" html="true">&lt;/td&gt;&lt;/tr&gt;&lt;tr&gt;&lt;td colspan="3"&gt;&lt;a href="selenium-screenshot-10.png"&gt;&lt;img src="selenium-screenshot-10.png" width="800px"&gt;&lt;/a&gt;</msg>
<msg timestamp="20230717 01:57:56.928" level="FAIL">Button with locator 'id:add-to-cart-sauce-labs-backpack' not found.</msg>
<status status="FAIL" starttime="20230717 01:57:56.799" endtime="20230717 01:57:56.930"/>
</kw>
<kw name="Click Link" library="SeleniumLibrary">
<arg>class:shopping_cart_link</arg>
<doc>Clicks a link identified by ``locator``.</doc>
<status status="NOT RUN" starttime="20230717 01:57:56.930" endtime="20230717 01:57:56.930"/>
</kw>
<kw name="Click Button" library="SeleniumLibrary">
<arg>id:checkout</arg>
<doc>Clicks the button identified by ``locator``.</doc>
<status status="NOT RUN" starttime="20230717 01:57:56.930" endtime="20230717 01:57:56.930"/>
</kw>
<kw name="Input Text" library="SeleniumLibrary">
<arg>id:first-name</arg>
<arg>fikar</arg>
<doc>Types the given ``text`` into the text field identified by ``locator``.</doc>
<status status="NOT RUN" starttime="20230717 01:57:56.930" endtime="20230717 01:57:56.930"/>
</kw>
<kw name="Input Text" library="SeleniumLibrary">
<arg>id:last-name</arg>
<arg>rahman</arg>
<doc>Types the given ``text`` into the text field identified by ``locator``.</doc>
<status status="NOT RUN" starttime="20230717 01:57:56.930" endtime="20230717 01:57:56.930"/>
</kw>
<kw name="Input Text" library="SeleniumLibrary">
<arg>id:postal-code</arg>
<arg>16511</arg>
<doc>Types the given ``text`` into the text field identified by ``locator``.</doc>
<status status="NOT RUN" starttime="20230717 01:57:56.930" endtime="20230717 01:57:56.930"/>
</kw>
<status status="FAIL" starttime="20230717 01:57:56.799" endtime="20230717 01:57:56.930"/>
</kw>
<kw name="Checkout_item">
<status status="NOT RUN" starttime="20230717 01:57:56.931" endtime="20230717 01:57:56.931"/>
</kw>
<status status="FAIL" starttime="20230717 01:57:55.057" endtime="20230717 01:57:56.931">Button with locator 'id:add-to-cart-sauce-labs-backpack' not found.</status>
</test>
<test id="s1-t3" name="Logintest_problem" line="15">
<kw name="Open Browser" library="SeleniumLibrary">
<arg>https://www.saucedemo.com/</arg>
<arg>chrome</arg>
<doc>Opens a new browser instance to the optional ``url``.</doc>
<msg timestamp="20230717 01:57:56.933" level="INFO">Opening browser 'chrome' to base url 'https://www.saucedemo.com/'.</msg>
<status status="PASS" starttime="20230717 01:57:56.932" endtime="20230717 01:57:58.601"/>
</kw>
<kw name="Login_Problem_people">
<kw name="Input Text" library="SeleniumLibrary">
<arg>id:user-name</arg>
<arg>problem_user</arg>
<doc>Types the given ``text`` into the text field identified by ``locator``.</doc>
<msg timestamp="20230717 01:57:58.602" level="INFO">Typing text 'problem_user' into text field 'id:user-name'.</msg>
<status status="PASS" starttime="20230717 01:57:58.602" endtime="20230717 01:57:58.709"/>
</kw>
<kw name="Input Text" library="SeleniumLibrary">
<arg>id:password</arg>
<arg>secret_sauce</arg>
<doc>Types the given ``text`` into the text field identified by ``locator``.</doc>
<msg timestamp="20230717 01:57:58.710" level="INFO">Typing text 'secret_sauce' into text field 'id:password'.</msg>
<status status="PASS" starttime="20230717 01:57:58.710" endtime="20230717 01:57:58.782"/>
</kw>
<kw name="Click Element" library="SeleniumLibrary">
<arg>id:login-button</arg>
<doc>Click the element identified by ``locator``.</doc>
<msg timestamp="20230717 01:57:58.782" level="INFO">Clicking element 'id:login-button'.</msg>
<status status="PASS" starttime="20230717 01:57:58.782" endtime="20230717 01:57:58.862"/>
</kw>
<status status="PASS" starttime="20230717 01:57:58.602" endtime="20230717 01:57:58.862"/>
</kw>
<kw name="Adding_inventory">
<kw name="Click Button" library="SeleniumLibrary">
<arg>id:add-to-cart-sauce-labs-backpack</arg>
<doc>Clicks the button identified by ``locator``.</doc>
<msg timestamp="20230717 01:57:58.863" level="INFO">Clicking button 'id:add-to-cart-sauce-labs-backpack'.</msg>
<status status="PASS" starttime="20230717 01:57:58.862" endtime="20230717 01:57:58.920"/>
</kw>
<kw name="Click Link" library="SeleniumLibrary">
<arg>class:shopping_cart_link</arg>
<doc>Clicks a link identified by ``locator``.</doc>
<msg timestamp="20230717 01:57:58.920" level="INFO">Clicking link 'class:shopping_cart_link'.</msg>
<status status="PASS" starttime="20230717 01:57:58.920" endtime="20230717 01:57:58.967"/>
</kw>
<kw name="Click Button" library="SeleniumLibrary">
<arg>id:checkout</arg>
<doc>Clicks the button identified by ``locator``.</doc>
<msg timestamp="20230717 01:57:58.972" level="INFO">Clicking button 'id:checkout'.</msg>
<status status="PASS" starttime="20230717 01:57:58.968" endtime="20230717 01:57:59.025"/>
</kw>
<kw name="Input Text" library="SeleniumLibrary">
<arg>id:first-name</arg>
<arg>fikar</arg>
<doc>Types the given ``text`` into the text field identified by ``locator``.</doc>
<msg timestamp="20230717 01:57:59.026" level="INFO">Typing text 'fikar' into text field 'id:first-name'.</msg>
<status status="PASS" starttime="20230717 01:57:59.025" endtime="20230717 01:57:59.094"/>
</kw>
<kw name="Input Text" library="SeleniumLibrary">
<arg>id:last-name</arg>
<arg>rahman</arg>
<doc>Types the given ``text`` into the text field identified by ``locator``.</doc>
<msg timestamp="20230717 01:57:59.094" level="INFO">Typing text 'rahman' into text field 'id:last-name'.</msg>
<status status="PASS" starttime="20230717 01:57:59.094" endtime="20230717 01:57:59.163"/>
</kw>
<kw name="Input Text" library="SeleniumLibrary">
<arg>id:postal-code</arg>
<arg>16511</arg>
<doc>Types the given ``text`` into the text field identified by ``locator``.</doc>
<msg timestamp="20230717 01:57:59.164" level="INFO">Typing text '16511' into text field 'id:postal-code'.</msg>
<status status="PASS" starttime="20230717 01:57:59.163" endtime="20230717 01:57:59.228"/>
</kw>
<status status="PASS" starttime="20230717 01:57:58.862" endtime="20230717 01:57:59.228"/>
</kw>
<kw name="Checkout_item">
<kw name="Click Button" library="SeleniumLibrary">
<arg>id:continue</arg>
<doc>Clicks the button identified by ``locator``.</doc>
<msg timestamp="20230717 01:57:59.229" level="INFO">Clicking button 'id:continue'.</msg>
<status status="PASS" starttime="20230717 01:57:59.229" endtime="20230717 01:57:59.273"/>
</kw>
<kw name="Click Button" library="SeleniumLibrary">
<arg>id:finish</arg>
<doc>Clicks the button identified by ``locator``.</doc>
<msg timestamp="20230717 01:57:59.274" level="INFO">Clicking button 'id:finish'.</msg>
<msg timestamp="20230717 01:57:59.363" level="INFO" html="true">&lt;/td&gt;&lt;/tr&gt;&lt;tr&gt;&lt;td colspan="3"&gt;&lt;a href="selenium-screenshot-11.png"&gt;&lt;img src="selenium-screenshot-11.png" width="800px"&gt;&lt;/a&gt;</msg>
<msg timestamp="20230717 01:57:59.363" level="FAIL">Button with locator 'id:finish' not found.</msg>
<status status="FAIL" starttime="20230717 01:57:59.273" endtime="20230717 01:57:59.364"/>
</kw>
<status status="FAIL" starttime="20230717 01:57:59.228" endtime="20230717 01:57:59.364"/>
</kw>
<status status="FAIL" starttime="20230717 01:57:56.932" endtime="20230717 01:57:59.365">Button with locator 'id:finish' not found.</status>
</test>
<test id="s1-t4" name="logintest_performance" line="20">
<kw name="Open Browser" library="SeleniumLibrary">
<arg>https://www.saucedemo.com/</arg>
<arg>chrome</arg>
<doc>Opens a new browser instance to the optional ``url``.</doc>
<msg timestamp="20230717 01:57:59.366" level="INFO">Opening browser 'chrome' to base url 'https://www.saucedemo.com/'.</msg>
<status status="PASS" starttime="20230717 01:57:59.366" endtime="20230717 01:58:00.907"/>
</kw>
<kw name="Login_preformance_glitch">
<kw name="Input Text" library="SeleniumLibrary">
<arg>id:user-name</arg>
<arg>performance_glitch_user</arg>
<doc>Types the given ``text`` into the text field identified by ``locator``.</doc>
<msg timestamp="20230717 01:58:00.908" level="INFO">Typing text 'performance_glitch_user' into text field 'id:user-name'.</msg>
<status status="PASS" starttime="20230717 01:58:00.907" endtime="20230717 01:58:01.027"/>
</kw>
<kw name="Input Text" library="SeleniumLibrary">
<arg>id:password</arg>
<arg>secret_sauce</arg>
<doc>Types the given ``text`` into the text field identified by ``locator``.</doc>
<msg timestamp="20230717 01:58:01.028" level="INFO">Typing text 'secret_sauce' into text field 'id:password'.</msg>
<status status="PASS" starttime="20230717 01:58:01.027" endtime="20230717 01:58:01.111"/>
</kw>
<kw name="Click Element" library="SeleniumLibrary">
<arg>id:login-button</arg>
<doc>Click the element identified by ``locator``.</doc>
<msg timestamp="20230717 01:58:01.112" level="INFO">Clicking element 'id:login-button'.</msg>
<status status="PASS" starttime="20230717 01:58:01.111" endtime="20230717 01:58:06.195"/>
</kw>
<status status="PASS" starttime="20230717 01:58:00.907" endtime="20230717 01:58:06.195"/>
</kw>
<kw name="Adding_inventory">
<kw name="Click Button" library="SeleniumLibrary">
<arg>id:add-to-cart-sauce-labs-backpack</arg>
<doc>Clicks the button identified by ``locator``.</doc>
<msg timestamp="20230717 01:58:06.196" level="INFO">Clicking button 'id:add-to-cart-sauce-labs-backpack'.</msg>
<status status="PASS" starttime="20230717 01:58:06.196" endtime="20230717 01:58:06.255"/>
</kw>
<kw name="Click Link" library="SeleniumLibrary">
<arg>class:shopping_cart_link</arg>
<doc>Clicks a link identified by ``locator``.</doc>
<msg timestamp="20230717 01:58:06.255" level="INFO">Clicking link 'class:shopping_cart_link'.</msg>
<status status="PASS" starttime="20230717 01:58:06.255" endtime="20230717 01:58:06.300"/>
</kw>
<kw name="Click Button" library="SeleniumLibrary">
<arg>id:checkout</arg>
<doc>Clicks the button identified by ``locator``.</doc>
<msg timestamp="20230717 01:58:06.300" level="INFO">Clicking button 'id:checkout'.</msg>
<status status="PASS" starttime="20230717 01:58:06.300" endtime="20230717 01:58:06.359"/>
</kw>
<kw name="Input Text" library="SeleniumLibrary">
<arg>id:first-name</arg>
<arg>fikar</arg>
<doc>Types the given ``text`` into the text field identified by ``locator``.</doc>
<msg timestamp="20230717 01:58:06.360" level="INFO">Typing text 'fikar' into text field 'id:first-name'.</msg>
<status status="PASS" starttime="20230717 01:58:06.359" endtime="20230717 01:58:06.429"/>
</kw>
<kw name="Input Text" library="SeleniumLibrary">
<arg>id:last-name</arg>
<arg>rahman</arg>
<doc>Types the given ``text`` into the text field identified by ``locator``.</doc>
<msg timestamp="20230717 01:58:06.430" level="INFO">Typing text 'rahman' into text field 'id:last-name'.</msg>
<status status="PASS" starttime="20230717 01:58:06.430" endtime="20230717 01:58:06.499"/>
</kw>
<kw name="Input Text" library="SeleniumLibrary">
<arg>id:postal-code</arg>
<arg>16511</arg>
<doc>Types the given ``text`` into the text field identified by ``locator``.</doc>
<msg timestamp="20230717 01:58:06.500" level="INFO">Typing text '16511' into text field 'id:postal-code'.</msg>
<status status="PASS" starttime="20230717 01:58:06.499" endtime="20230717 01:58:06.575"/>
</kw>
<status status="PASS" starttime="20230717 01:58:06.195" endtime="20230717 01:58:06.575"/>
</kw>
<kw name="Checkout_item">
<kw name="Click Button" library="SeleniumLibrary">
<arg>id:continue</arg>
<doc>Clicks the button identified by ``locator``.</doc>
<msg timestamp="20230717 01:58:06.576" level="INFO">Clicking button 'id:continue'.</msg>
<status status="PASS" starttime="20230717 01:58:06.576" endtime="20230717 01:58:06.627"/>
</kw>
<kw name="Click Button" library="SeleniumLibrary">
<arg>id:finish</arg>
<doc>Clicks the button identified by ``locator``.</doc>
<msg timestamp="20230717 01:58:06.628" level="INFO">Clicking button 'id:finish'.</msg>
<status status="PASS" starttime="20230717 01:58:06.627" endtime="20230717 01:58:06.677"/>
</kw>
<status status="PASS" starttime="20230717 01:58:06.576" endtime="20230717 01:58:06.677"/>
</kw>
<status status="PASS" starttime="20230717 01:57:59.365" endtime="20230717 01:58:06.677"/>
</test>
<status status="FAIL" starttime="20230717 01:57:52.625" endtime="20230717 01:58:06.678"/>
</suite>
<statistics>
<total>
<stat pass="2" fail="2" skip="0">All Tests</stat>
</total>
<tag>
</tag>
<suite>
<stat pass="2" fail="2" skip="0" id="s1" name="TestCase all sauce">TestCase all sauce</stat>
</suite>
</statistics>
<errors>
</errors>
</robot>
